#
# There is insufficient memory for the Java Runtime Environment to continue.
# Native memory allocation (malloc) failed to allocate 930416 bytes for Chunk::new
# Possible reasons:
#   The system is out of physical RAM or swap space
#   The process is running with CompressedOops enabled, and the Java Heap may be blocking the growth of the native heap
# Possible solutions:
#   Reduce memory load on the system
#   Increase physical memory or swap space
#   Check if swap backing store is full
#   Decrease Java heap size (-Xmx/-Xms)
#   Decrease number of Java threads
#   Decrease Java thread stack sizes (-Xss)
#   Set larger code cache with -XX:ReservedCodeCacheSize=
#   JVM is running with Unscaled Compressed Oops mode in which the Java heap is
#     placed in the first 4GB address space. The Java Heap base address is the
#     maximum limit for the native heap growth. Please use -XX:HeapBaseMinAddress
#     to set the Java Heap base and to place the Java Heap above 4GB virtual address.
# This output file may be truncated or incomplete.
#
#  Out of Memory Error (allocation.cpp:389), pid=12060, tid=0x00000000000022e4
#
# JRE version: OpenJDK Runtime Environment (8.0_242-b01) (build 1.8.0_242-release-1644-b01)
# Java VM: OpenJDK 64-Bit Server VM (25.242-b01 mixed mode windows-amd64 compressed oops)
# Failed to write core dump. Minidumps are not enabled by default on client versions of Windows
#

---------------  T H R E A D  ---------------

Current thread (0x0000000017159800):  JavaThread "C2 CompilerThread1" daemon [_thread_in_native, id=8932, stack(0x00000000188b0000,0x00000000189b0000)]

Stack: [0x00000000188b0000,0x00000000189b0000]
[error occurred during error reporting (printing stack bounds), id 0xc0000005]

Native frames: (J=compiled Java code, j=interpreted, Vv=VM code, C=native code)


Current CompileTask:
C2:4964123 62676       4       com.android.tools.r8.graph.l1::a (52 bytes)


---------------  P R O C E S S  ---------------

Java Threads: ( => current thread )
  0x000000002f50e000 JavaThread "WorkerExecutor Queue Thread 5" [_thread_blocked, id=1420, stack(0x0000000058550000,0x0000000058650000)]
  0x000000002f50d000 JavaThread "ForkJoinPool-24-worker-0" daemon [_thread_blocked, id=10644, stack(0x0000000058450000,0x0000000058550000)]
  0x000000002f510800 JavaThread "ForkJoinPool-24-worker-3" daemon [_thread_blocked, id=8876, stack(0x0000000058350000,0x0000000058450000)]
  0x000000002f50f000 JavaThread "ForkJoinPool-24-worker-2" daemon [_thread_in_Java, id=14800, stack(0x0000000058250000,0x0000000058350000)]
  0x000000001b114000 JavaThread "ForkJoinPool-24-worker-1" daemon [_thread_blocked, id=14616, stack(0x0000000058150000,0x0000000058250000)]
  0x000000001b112000 JavaThread "stdout" [_thread_in_native, id=9236, stack(0x0000000058050000,0x0000000058150000)]
  0x000000001b10f800 JavaThread "stderr" [_thread_in_native, id=7448, stack(0x0000000057f50000,0x0000000058050000)]
  0x000000001b10c800 JavaThread "stdout" [_thread_in_native, id=6612, stack(0x0000000057e50000,0x0000000057f50000)]
  0x000000001b111000 JavaThread "stderr" [_thread_in_native, id=14024, stack(0x0000000057d50000,0x0000000057e50000)]
  0x000000001b10f000 JavaThread "stdout" [_thread_in_native, id=8984, stack(0x0000000057c50000,0x0000000057d50000)]
  0x000000001b10e000 JavaThread "stderr" [_thread_in_native, id=12232, stack(0x0000000057b50000,0x0000000057c50000)]
  0x000000001b109000 JavaThread "stdout" [_thread_in_native, id=15512, stack(0x0000000057a50000,0x0000000057b50000)]
  0x00000000195c9800 JavaThread "stderr" [_thread_in_native, id=7668, stack(0x0000000057950000,0x0000000057a50000)]
  0x00000000195c8800 JavaThread "pool-26-thread-1" [_thread_blocked, id=12868, stack(0x0000000057850000,0x0000000057950000)]
  0x00000000195c6000 JavaThread "WorkerExecutor Queue Thread 4" [_thread_blocked, id=12468, stack(0x0000000057750000,0x0000000057850000)]
  0x00000000195c5800 JavaThread "WorkerExecutor Queue Thread 3" [_thread_blocked, id=76, stack(0x0000000057650000,0x0000000057750000)]
  0x00000000195c7800 JavaThread "WorkerExecutor Queue Thread 2" [_thread_blocked, id=15964, stack(0x0000000057550000,0x0000000057650000)]
  0x00000000195be800 JavaThread "WorkerExecutor Queue" [_thread_blocked, id=3116, stack(0x0000000057450000,0x0000000057550000)]
  0x00000000195c4800 JavaThread "Cache worker for execution history cache (E:\CyberCleanerApp\.gradle\6.5\executionHistory)" [_thread_blocked, id=14652, stack(0x0000000057350000,0x0000000057450000)]
  0x00000000195c4000 JavaThread "Execution worker for ':' Thread 3" [_thread_blocked, id=9472, stack(0x0000000057250000,0x0000000057350000)]
  0x00000000195bc800 JavaThread "Execution worker for ':' Thread 2" [_thread_blocked, id=308, stack(0x0000000057150000,0x0000000057250000)]
  0x00000000195c1800 JavaThread "Execution worker for ':'" [_thread_blocked, id=15916, stack(0x0000000057050000,0x0000000057150000)]
  0x00000000195ba000 JavaThread "Cache worker for file content cache (E:\CyberCleanerApp\.gradle\6.5\fileContent)" [_thread_blocked, id=14404, stack(0x0000000056f50000,0x0000000057050000)]
  0x00000000195c0000 JavaThread "pool-25-thread-1" [_thread_blocked, id=11484, stack(0x0000000056e50000,0x0000000056f50000)]
  0x000000001fdc7000 JavaThread "Cache worker for Build Output Cleanup Cache (E:\CyberCleanerApp\.gradle\buildOutputCleanup)" [_thread_blocked, id=15180, stack(0x0000000056d50000,0x0000000056e50000)]
  0x000000001fdc5800 JavaThread "jar transforms Thread 856" [_thread_blocked, id=13064, stack(0x0000000056c50000,0x0000000056d50000)]
  0x000000001fdbc000 JavaThread "jar transforms Thread 855" [_thread_blocked, id=6812, stack(0x0000000056b50000,0x0000000056c50000)]
  0x000000001fdc3000 JavaThread "jar transforms Thread 854" [_thread_blocked, id=14248, stack(0x0000000056a50000,0x0000000056b50000)]
  0x000000001fdbf000 JavaThread "jar transforms Thread 853" [_thread_blocked, id=9620, stack(0x0000000056950000,0x0000000056a50000)]
  0x000000001fdc0000 JavaThread "jar transforms Thread 852" [_thread_blocked, id=15048, stack(0x0000000056850000,0x0000000056950000)]
  0x000000001fdba800 JavaThread "jar transforms Thread 851" [_thread_blocked, id=15100, stack(0x0000000056750000,0x0000000056850000)]
  0x000000001fdb7800 JavaThread "jar transforms Thread 850" [_thread_blocked, id=10280, stack(0x0000000056650000,0x0000000056750000)]
  0x000000001fdba000 JavaThread "jar transforms Thread 849" [_thread_blocked, id=10040, stack(0x0000000056550000,0x0000000056650000)]
  0x000000001fdb9000 JavaThread "jar transforms Thread 848" [_thread_blocked, id=14760, stack(0x0000000056450000,0x0000000056550000)]
  0x000000001fdbd800 JavaThread "jar transforms Thread 847" [_thread_blocked, id=6264, stack(0x0000000056350000,0x0000000056450000)]
  0x000000001fdbb800 JavaThread "jar transforms Thread 846" [_thread_blocked, id=9500, stack(0x0000000056250000,0x0000000056350000)]
  0x000000001fdb8800 JavaThread "jar transforms Thread 845" [_thread_blocked, id=6476, stack(0x0000000056150000,0x0000000056250000)]
  0x000000001fdbe800 JavaThread "jar transforms Thread 844" [_thread_blocked, id=10136, stack(0x0000000056050000,0x0000000056150000)]
  0x000000001fdbd000 JavaThread "jar transforms Thread 843" [_thread_blocked, id=13576, stack(0x0000000055f50000,0x0000000056050000)]
  0x0000000019f3d000 JavaThread "jar transforms Thread 842" [_thread_blocked, id=13000, stack(0x0000000055e50000,0x0000000055f50000)]
  0x0000000019f3c800 JavaThread "jar transforms Thread 841" [_thread_blocked, id=3128, stack(0x0000000055d50000,0x0000000055e50000)]
  0x0000000019f3a000 JavaThread "jar transforms Thread 840" [_thread_blocked, id=14424, stack(0x0000000055c50000,0x0000000055d50000)]
  0x0000000019f3b800 JavaThread "jar transforms Thread 839" [_thread_blocked, id=1664, stack(0x0000000055b50000,0x0000000055c50000)]
  0x0000000019f3b000 JavaThread "jar transforms Thread 838" [_thread_blocked, id=10016, stack(0x0000000055a50000,0x0000000055b50000)]
  0x0000000019f39800 JavaThread "jar transforms Thread 837" [_thread_blocked, id=7152, stack(0x0000000055950000,0x0000000055a50000)]
  0x0000000019f3e000 JavaThread "jar transforms Thread 836" [_thread_blocked, id=11696, stack(0x0000000055850000,0x0000000055950000)]
  0x0000000019f32000 JavaThread "jar transforms Thread 835" [_thread_blocked, id=8216, stack(0x0000000055750000,0x0000000055850000)]
  0x0000000019f38800 JavaThread "jar transforms Thread 834" [_thread_blocked, id=7960, stack(0x0000000055650000,0x0000000055750000)]
  0x0000000019f35800 JavaThread "jar transforms Thread 833" [_thread_blocked, id=7808, stack(0x0000000055550000,0x0000000055650000)]
  0x0000000019f34000 JavaThread "jar transforms Thread 832" [_thread_blocked, id=9828, stack(0x0000000055450000,0x0000000055550000)]
  0x0000000019f31000 JavaThread "jar transforms Thread 831" [_thread_blocked, id=14112, stack(0x0000000055350000,0x0000000055450000)]
  0x0000000019f33800 JavaThread "jar transforms Thread 830" [_thread_blocked, id=7932, stack(0x0000000055250000,0x0000000055350000)]
  0x0000000019f37000 JavaThread "jar transforms Thread 829" [_thread_blocked, id=10444, stack(0x0000000055150000,0x0000000055250000)]
  0x0000000019f35000 JavaThread "jar transforms Thread 828" [_thread_blocked, id=8044, stack(0x0000000055050000,0x0000000055150000)]
  0x0000000019f38000 JavaThread "jar transforms Thread 827" [_thread_blocked, id=8248, stack(0x0000000054f50000,0x0000000055050000)]
  0x0000000019f2f000 JavaThread "jar transforms Thread 826" [_thread_blocked, id=8640, stack(0x0000000054e50000,0x0000000054f50000)]
  0x0000000019f30800 JavaThread "jar transforms Thread 825" [_thread_blocked, id=12824, stack(0x0000000054d50000,0x0000000054e50000)]
  0x0000000019f2f800 JavaThread "jar transforms Thread 824" [_thread_blocked, id=5864, stack(0x0000000054c50000,0x0000000054d50000)]
  0x000000002a150000 JavaThread "jar transforms Thread 823" [_thread_blocked, id=6416, stack(0x0000000054b50000,0x0000000054c50000)]
  0x000000002a155000 JavaThread "jar transforms Thread 822" [_thread_blocked, id=9956, stack(0x0000000054a50000,0x0000000054b50000)]
  0x000000002a14d800 JavaThread "jar transforms Thread 821" [_thread_blocked, id=11468, stack(0x0000000054950000,0x0000000054a50000)]
  0x000000002a152000 JavaThread "jar transforms Thread 820" [_thread_blocked, id=9208, stack(0x0000000054850000,0x0000000054950000)]
  0x000000002a14f000 JavaThread "jar transforms Thread 819" [_thread_blocked, id=13948, stack(0x0000000054750000,0x0000000054850000)]
  0x000000002a14e800 JavaThread "jar transforms Thread 818" [_thread_blocked, id=9856, stack(0x0000000054650000,0x0000000054750000)]
  0x000000002a153800 JavaThread "jar transforms Thread 817" [_thread_blocked, id=11452, stack(0x0000000054550000,0x0000000054650000)]
  0x000000002a154800 JavaThread "jar transforms Thread 816" [_thread_blocked, id=5308, stack(0x0000000054450000,0x0000000054550000)]
  0x000000002a153000 JavaThread "jar transforms Thread 815" [_thread_blocked, id=14536, stack(0x0000000054350000,0x0000000054450000)]
  0x000000002a150800 JavaThread "jar transforms Thread 814" [_thread_blocked, id=9180, stack(0x0000000054250000,0x0000000054350000)]
  0x000000002a14b000 JavaThread "jar transforms Thread 813" [_thread_blocked, id=15828, stack(0x0000000054150000,0x0000000054250000)]
  0x000000002a14a800 JavaThread "jar transforms Thread 812" [_thread_blocked, id=8084, stack(0x0000000054050000,0x0000000054150000)]
  0x000000002a151800 JavaThread "jar transforms Thread 811" [_thread_blocked, id=8812, stack(0x0000000053f50000,0x0000000054050000)]
  0x000000002a14d000 JavaThread "jar transforms Thread 810" [_thread_blocked, id=8312, stack(0x0000000053e50000,0x0000000053f50000)]
  0x000000002a14c000 JavaThread "jar transforms Thread 809" [_thread_blocked, id=14196, stack(0x0000000053d50000,0x0000000053e50000)]
  0x000000002a143000 JavaThread "jar transforms Thread 808" [_thread_blocked, id=15364, stack(0x0000000053c50000,0x0000000053d50000)]
  0x000000002a149800 JavaThread "jar transforms Thread 807" [_thread_blocked, id=7776, stack(0x0000000053b50000,0x0000000053c50000)]
  0x000000002a149000 JavaThread "jar transforms Thread 806" [_thread_blocked, id=15460, stack(0x0000000053a50000,0x0000000053b50000)]
  0x000000002a146000 JavaThread "jar transforms Thread 805" [_thread_blocked, id=10172, stack(0x0000000053950000,0x0000000053a50000)]
  0x000000002a143800 JavaThread "jar transforms Thread 804" [_thread_blocked, id=12792, stack(0x0000000053850000,0x0000000053950000)]
  0x000000002a148000 JavaThread "jar transforms Thread 803" [_thread_blocked, id=14304, stack(0x0000000053750000,0x0000000053850000)]
  0x000000002a140800 JavaThread "jar transforms Thread 802" [_thread_blocked, id=9484, stack(0x0000000053650000,0x0000000053750000)]
  0x000000002a147800 JavaThread "jar transforms Thread 801" [_thread_blocked, id=13712, stack(0x0000000053550000,0x0000000053650000)]
  0x000000002a146800 JavaThread "jar transforms Thread 800" [_thread_blocked, id=16160, stack(0x0000000053450000,0x0000000053550000)]
  0x000000002a140000 JavaThread "jar transforms Thread 799" [_thread_blocked, id=10596, stack(0x0000000053350000,0x0000000053450000)]
  0x000000002a141800 JavaThread "jar transforms Thread 798" [_thread_blocked, id=8376, stack(0x0000000053250000,0x0000000053350000)]
  0x000000002a145000 JavaThread "jar transforms Thread 797" [_thread_blocked, id=3740, stack(0x0000000053150000,0x0000000053250000)]
  0x000000002a137800 JavaThread "jar transforms Thread 796" [_thread_blocked, id=10876, stack(0x0000000053050000,0x0000000053150000)]
  0x000000002a137000 JavaThread "jar transforms Thread 795" [_thread_blocked, id=9508, stack(0x0000000052f50000,0x0000000053050000)]
  0x000000002a13b800 JavaThread "jar transforms Thread 794" [_thread_blocked, id=3896, stack(0x0000000052e50000,0x0000000052f50000)]
  0x000000002a13d800 JavaThread "jar transforms Thread 793" [_thread_blocked, id=9920, stack(0x0000000052d50000,0x0000000052e50000)]
  0x000000002a139000 JavaThread "jar transforms Thread 792" [_thread_blocked, id=14908, stack(0x0000000052c50000,0x0000000052d50000)]
  0x000000002a13a000 JavaThread "jar transforms Thread 791" [_thread_blocked, id=13352, stack(0x0000000052b50000,0x0000000052c50000)]
  0x000000001d79f000 JavaThread "jar transforms Thread 790" [_thread_blocked, id=1016, stack(0x0000000052a50000,0x0000000052b50000)]
  0x000000001d79e800 JavaThread "jar transforms Thread 789" [_thread_blocked, id=9832, stack(0x0000000052950000,0x0000000052a50000)]
  0x000000001d79d800 JavaThread "jar transforms Thread 788" [_thread_blocked, id=10584, stack(0x0000000052850000,0x0000000052950000)]
  0x000000001d79d000 JavaThread "jar transforms Thread 787" [_thread_blocked, id=11220, stack(0x0000000052750000,0x0000000052850000)]
  0x000000001d79c000 JavaThread "jar transforms Thread 786" [_thread_blocked, id=14400, stack(0x0000000052650000,0x0000000052750000)]
  0x000000001d79b800 JavaThread "jar transforms Thread 785" [_thread_blocked, id=5292, stack(0x0000000052550000,0x0000000052650000)]
  0x000000001d79a800 JavaThread "jar transforms Thread 784" [_thread_blocked, id=16108, stack(0x0000000052450000,0x0000000052550000)]
  0x000000001d793000 JavaThread "jar transforms Thread 783" [_thread_blocked, id=13648, stack(0x0000000052350000,0x0000000052450000)]
  0x000000001d79a000 JavaThread "jar transforms Thread 782" [_thread_blocked, id=10340, stack(0x0000000052250000,0x0000000052350000)]
  0x000000001d798800 JavaThread "jar transforms Thread 781" [_thread_blocked, id=9276, stack(0x0000000052150000,0x0000000052250000)]
  0x000000001d797800 JavaThread "jar transforms Thread 780" [_thread_blocked, id=10232, stack(0x0000000052050000,0x0000000052150000)]
  0x000000001d794800 JavaThread "jar transforms Thread 779" [_thread_blocked, id=13764, stack(0x0000000051f50000,0x0000000052050000)]
  0x000000001d799000 JavaThread "jar transforms Thread 778" [_thread_blocked, id=12908, stack(0x0000000051e50000,0x0000000051f50000)]
  0x000000001d796000 JavaThread "jar transforms Thread 777" [_thread_blocked, id=6656, stack(0x0000000051d50000,0x0000000051e50000)]
  0x000000001d791800 JavaThread "jar transforms Thread 776" [_thread_blocked, id=8652, stack(0x0000000051c50000,0x0000000051d50000)]
  0x000000001d794000 JavaThread "jar transforms Thread 775" [_thread_blocked, id=15532, stack(0x0000000051b50000,0x0000000051c50000)]
  0x000000001d792800 JavaThread "jar transforms Thread 774" [_thread_blocked, id=3168, stack(0x0000000051a50000,0x0000000051b50000)]
  0x000000001d795800 JavaThread "jar transforms Thread 773" [_thread_blocked, id=8188, stack(0x0000000051950000,0x0000000051a50000)]
  0x000000001d797000 JavaThread "jar transforms Thread 772" [_thread_blocked, id=7556, stack(0x0000000051850000,0x0000000051950000)]
  0x000000001d78a000 JavaThread "jar transforms Thread 771" [_thread_blocked, id=12092, stack(0x0000000051750000,0x0000000051850000)]
  0x000000001d791000 JavaThread "jar transforms Thread 770" [_thread_blocked, id=12684, stack(0x0000000051650000,0x0000000051750000)]
  0x000000001d790000 JavaThread "jar transforms Thread 769" [_thread_blocked, id=9456, stack(0x0000000051550000,0x0000000051650000)]
  0x000000001d78f800 JavaThread "jar transforms Thread 768" [_thread_blocked, id=10752, stack(0x0000000051450000,0x0000000051550000)]
  0x000000001d78b000 JavaThread "jar transforms Thread 767" [_thread_blocked, id=4888, stack(0x0000000051350000,0x0000000051450000)]
  0x000000001d789800 JavaThread "jar transforms Thread 766" [_thread_blocked, id=3456, stack(0x0000000051250000,0x0000000051350000)]
  0x000000001d78e800 JavaThread "jar transforms Thread 765" [_thread_blocked, id=14808, stack(0x0000000051150000,0x0000000051250000)]
  0x000000001d78d000 JavaThread "Build operations Thread 4" [_thread_blocked, id=4716, stack(0x0000000051050000,0x0000000051150000)]
  0x000000001d78e000 JavaThread "Build operations Thread 3" [_thread_blocked, id=1696, stack(0x0000000050f50000,0x0000000051050000)]
  0x000000001d78c800 JavaThread "Build operations Thread 2" [_thread_blocked, id=5984, stack(0x0000000050e50000,0x0000000050f50000)]
  0x000000001d78b800 JavaThread "Build operations" [_thread_blocked, id=7288, stack(0x0000000050d50000,0x0000000050e50000)]
  0x000000001d788800 JavaThread "Cache worker for cache directory md-rule (C:\Users\pult_orlan\.gradle\caches\6.5\md-rule)" [_thread_blocked, id=12548, stack(0x0000000050c50000,0x0000000050d50000)]
  0x000000001d781000 JavaThread "Cache worker for cache directory md-supplier (C:\Users\pult_orlan\.gradle\caches\6.5\md-supplier)" [_thread_blocked, id=4696, stack(0x0000000050b50000,0x0000000050c50000)]
  0x000000001d788000 JavaThread "Cache worker for checksums cache (E:\CyberCleanerApp\.gradle\checksums)" [_thread_blocked, id=10800, stack(0x0000000050a50000,0x0000000050b50000)]
  0x000000001d787000 JavaThread "Cache worker for file hash cache (E:\CyberCleanerApp\.gradle\6.5\fileHashes)" [_thread_blocked, id=14768, stack(0x0000000050950000,0x0000000050a50000)]
  0x000000001d785000 JavaThread "Thread-1015" [_thread_blocked, id=10108, stack(0x0000000050850000,0x0000000050950000)]
  0x000000001d786800 JavaThread "Stdin handler" [_thread_blocked, id=7456, stack(0x0000000050750000,0x0000000050850000)]
  0x000000001d784000 JavaThread "Asynchronous log dispatcher for DefaultDaemonConnection: socket connection from /127.0.0.1:63894 to /127.0.0.1:51496" [_thread_blocked, id=10460, stack(0x0000000050650000,0x0000000050750000)]
  0x000000001d785800 JavaThread "Daemon worker Thread 6" [_thread_blocked, id=8900, stack(0x0000000050550000,0x0000000050650000)]
  0x000000001d782000 JavaThread "Cancel handler" [_thread_blocked, id=6096, stack(0x0000000050450000,0x0000000050550000)]
  0x000000001d783800 JavaThread "Handler for socket connection from /127.0.0.1:63894 to /127.0.0.1:51496" [_thread_in_native, id=9852, stack(0x0000000050350000,0x0000000050450000)]
  0x000000001b2ba800 JavaThread "Daemon Thread 6" [_thread_blocked, id=9072, stack(0x0000000050250000,0x0000000050350000)]
  0x000000002a13f000 JavaThread "Cache worker for Java compile cache (C:\Users\pult_orlan\.gradle\caches\6.5\javaCompile)" [_thread_blocked, id=15204, stack(0x0000000047370000,0x0000000047470000)]
  0x000000002a13e800 JavaThread "RMI TCP Accept-0" daemon [_thread_in_native, id=13804, stack(0x0000000047070000,0x0000000047170000)]
  0x000000002a13d000 JavaThread "RMI Scheduler(0)" daemon [_thread_blocked, id=10648, stack(0x0000000046d70000,0x0000000046e70000)]
  0x000000001b2bb800 JavaThread "MarlinRenderer Disposer" daemon [_thread_blocked, id=14500, stack(0x000000002e110000,0x000000002e210000)]
  0x000000001b2bd000 JavaThread "Java2D Disposer" daemon [_thread_blocked, id=15752, stack(0x000000002de00000,0x000000002df00000)]
  0x000000001fdc1800 JavaThread "Memory manager" [_thread_blocked, id=5404, stack(0x000000002b9b0000,0x000000002bab0000)]
  0x0000000017161000 JavaThread "Cache worker for file content cache (C:\Users\pult_orlan\.gradle\caches\6.5\fileContent)" [_thread_blocked, id=13548, stack(0x00000000213e0000,0x00000000214e0000)]
  0x0000000017162800 JavaThread "Cache worker for execution history cache (C:\Users\pult_orlan\.gradle\caches\6.5\executionHistory)" [_thread_blocked, id=14144, stack(0x0000000020de0000,0x0000000020ee0000)]
  0x000000001715e000 JavaThread "Cache worker for file hash cache (C:\Users\pult_orlan\.gradle\caches\6.5\fileHashes)" [_thread_blocked, id=9676, stack(0x000000001d0e0000,0x000000001d1e0000)]
  0x000000001715e800 JavaThread "File lock request listener" [_thread_in_native, id=3844, stack(0x000000001cfe0000,0x000000001d0e0000)]
  0x0000000018b74000 JavaThread "Cache worker for journal cache (C:\Users\pult_orlan\.gradle\caches\journal-1)" [_thread_blocked, id=6032, stack(0x000000001cee0000,0x000000001cfe0000)]
  0x000000001ac98000 JavaThread "Daemon periodic checks" [_thread_blocked, id=1352, stack(0x000000001c2e0000,0x000000001c3e0000)]
  0x000000001ac21000 JavaThread "Incoming local TCP Connector on port 63894" [_thread_in_native, id=11980, stack(0x000000001c090000,0x000000001c190000)]
  0x000000001ab1f800 JavaThread "Daemon health stats" [_thread_blocked, id=11540, stack(0x000000001ba50000,0x000000001bb50000)]
  0x0000000018ae8800 JavaThread "Service Thread" daemon [_thread_blocked, id=5800, stack(0x0000000018eb0000,0x0000000018fb0000)]
  0x0000000017163000 JavaThread "C1 CompilerThread2" daemon [_thread_blocked, id=1932, stack(0x00000000189b0000,0x0000000018ab0000)]
=>0x0000000017159800 JavaThread "C2 CompilerThread1" daemon [_thread_in_native, id=8932, stack(0x00000000188b0000,0x00000000189b0000)]
  0x0000000017156800 JavaThread "C2 CompilerThread0" daemon [_thread_in_native, id=14384, stack(0x00000000187b0000,0x00000000188b0000)]
  0x0000000017154000 JavaThread "Attach Listener" daemon [_thread_blocked, id=2208, stack(0x00000000186b0000,0x00000000187b0000)]
  0x0000000017153000 JavaThread "Signal Dispatcher" daemon [_thread_blocked, id=8456, stack(0x00000000185b0000,0x00000000186b0000)]
  0x0000000017139800 JavaThread "Finalizer" daemon [_thread_blocked, id=10676, stack(0x00000000183b0000,0x00000000184b0000)]
  0x0000000002521000 JavaThread "Reference Handler" daemon [_thread_blocked, id=16120, stack(0x00000000182b0000,0x00000000183b0000)]
  0x000000000061d800 JavaThread "main" [_thread_blocked, id=6180, stack(0x0000000002330000,0x0000000002430000)]

Other Threads:
  0x0000000017116000 VMThread [stack: 0x00000000181b0000,0x00000000182b0000] [id=7040]
  0x00000000171ac000 WatcherThread [stack: 0x0000000018fb0000,0x00000000190b0000] [id=7516]

VM state:not at safepoint (normal execution)

VM Mutex/Monitor currently owned by a thread: None

heap address: 0x0000000080000000, size: 2048 MB, Compressed Oops mode: 32-bit
Narrow klass base: 0x0000000000000000, Narrow klass shift: 3
Compressed class space size: 1073741824 Address: 0x0000000100000000

Heap:
 PSYoungGen      total 642560K, used 473380K [0x00000000d5580000, 0x0000000100000000, 0x0000000100000000)
  eden space 589312K, 79% used [0x00000000d5580000,0x00000000f1eac408,0x00000000f9500000)
  from space 53248K, 9% used [0x00000000f9500000,0x00000000f9a1cde0,0x00000000fc900000)
  to   space 52224K, 0% used [0x00000000fcd00000,0x00000000fcd00000,0x0000000100000000)
 ParOldGen       total 648192K, used 502322K [0x0000000080000000, 0x00000000a7900000, 0x00000000d5580000)
  object space 648192K, 77% used [0x0000000080000000,0x000000009ea8cbb0,0x00000000a7900000)
 Metaspace       used 237493K, capacity 249317K, committed 249624K, reserved 1267712K
  class space    used 29479K, capacity 31707K, committed 31792K, reserved 1048576K

Card table byte_map: [0x00000000118f0000,0x0000000011d00000] byte_map_base: 0x00000000114f0000

Marking Bits: (ParMarkBitMap*) 0x00000000596ef030
 Begin Bits: [0x00000000123b0000, 0x00000000143b0000)
 End Bits:   [0x00000000143b0000, 0x00000000163b0000)

Polling page: 0x0000000002230000

CodeCache: size=245760Kb used=162475Kb max_used=162674Kb free=83284Kb
 bounds [0x0000000002530000, 0x000000000c530000, 0x0000000011530000]
 total_blobs=45751 nmethods=44553 adapters=1106
 compilation: enabled

Compilation events (10 events):
Event: 4964.048 Thread 0x0000000017163000 62672       3       org.apache.commons.codec.binary.Base64::encode (705 bytes)
Event: 4964.048 Thread 0x0000000017156800 62673       4       org.apache.commons.codec.binary.BaseNCodec::ensureBufferSize (32 bytes)
Event: 4964.049 Thread 0x0000000017163000 nmethod 62672 0x0000000009d52190 code [0x0000000009d52420, 0x0000000009d53868]
Event: 4964.050 Thread 0x0000000017156800 nmethod 62673 0x000000000a0ada10 code [0x000000000a0adb60, 0x000000000a0adcb8]
Event: 4964.055 Thread 0x0000000017159800 62674       4       java.lang.String::getBytes (27 bytes)
Event: 4964.056 Thread 0x0000000017159800 nmethod 62674 0x000000000b2b7a10 code [0x000000000b2b7b60, 0x000000000b2b7c28]
Event: 4964.063 Thread 0x0000000017156800 62675       4       com.android.tools.r8.graph.J$c::equals (27 bytes)
Event: 4964.064 Thread 0x0000000017159800 62676       4       com.android.tools.r8.graph.l1::a (52 bytes)
Event: 4964.064 Thread 0x0000000017156800 nmethod 62675 0x000000000a1d1590 code [0x000000000a1d16e0, 0x000000000a1d1798]
Event: 4964.070 Thread 0x0000000017156800 62677       4       com.android.tools.r8.graph.l1::a (73 bytes)

GC Heap History (10 events):
Event: 4961.010 GC heap before
{Heap before GC invocations=144 (full 9):
 PSYoungGen      total 638464K, used 615288K [0x00000000d5580000, 0x0000000100000000, 0x0000000100000000)
  eden space 581120K, 100% used [0x00000000d5580000,0x00000000f8d00000,0x00000000f8d00000)
  from space 57344K, 59% used [0x00000000fc800000,0x00000000fe95e070,0x0000000100000000)
  to   space 58880K, 0% used [0x00000000f8d00000,0x00000000f8d00000,0x00000000fc680000)
 ParOldGen       total 648192K, used 441860K [0x0000000080000000, 0x00000000a7900000, 0x00000000d5580000)
  object space 648192K, 68% used [0x0000000080000000,0x000000009af81258,0x00000000a7900000)
 Metaspace       used 237458K, capacity 249291K, committed 249624K, reserved 1267712K
  class space    used 29475K, capacity 31702K, committed 31792K, reserved 1048576K
Event: 4961.039 GC heap after
Heap after GC invocations=144 (full 9):
 PSYoungGen      total 640000K, used 11545K [0x00000000d5580000, 0x00000000fff80000, 0x0000000100000000)
  eden space 581120K, 0% used [0x00000000d5580000,0x00000000d5580000,0x00000000f8d00000)
  from space 58880K, 19% used [0x00000000f8d00000,0x00000000f9846468,0x00000000fc680000)
  to   space 57856K, 0% used [0x00000000fc700000,0x00000000fc700000,0x00000000fff80000)
 ParOldGen       total 648192K, used 471396K [0x0000000080000000, 0x00000000a7900000, 0x00000000d5580000)
  object space 648192K, 72% used [0x0000000080000000,0x000000009cc59360,0x00000000a7900000)
 Metaspace       used 237458K, capacity 249291K, committed 249624K, reserved 1267712K
  class space    used 29475K, capacity 31702K, committed 31792K, reserved 1048576K
}
Event: 4961.559 GC heap before
{Heap before GC invocations=145 (full 9):
 PSYoungGen      total 640000K, used 592665K [0x00000000d5580000, 0x00000000fff80000, 0x0000000100000000)
  eden space 581120K, 100% used [0x00000000d5580000,0x00000000f8d00000,0x00000000f8d00000)
  from space 58880K, 19% used [0x00000000f8d00000,0x00000000f9846468,0x00000000fc680000)
  to   space 57856K, 0% used [0x00000000fc700000,0x00000000fc700000,0x00000000fff80000)
 ParOldGen       total 648192K, used 471396K [0x0000000080000000, 0x00000000a7900000, 0x00000000d5580000)
  object space 648192K, 72% used [0x0000000080000000,0x000000009cc59360,0x00000000a7900000)
 Metaspace       used 237462K, capacity 249293K, committed 249624K, reserved 1267712K
  class space    used 29476K, capacity 31703K, committed 31792K, reserved 1048576K
Event: 4961.579 GC heap after
Heap after GC invocations=145 (full 9):
 PSYoungGen      total 634368K, used 16841K [0x00000000d5580000, 0x00000000ffa00000, 0x0000000100000000)
  eden space 582144K, 0% used [0x00000000d5580000,0x00000000d5580000,0x00000000f8e00000)
  from space 52224K, 32% used [0x00000000fc700000,0x00000000fd772460,0x00000000ffa00000)
  to   space 55296K, 0% used [0x00000000f8e00000,0x00000000f8e00000,0x00000000fc400000)
 ParOldGen       total 648192K, used 476352K [0x0000000080000000, 0x00000000a7900000, 0x00000000d5580000)
  object space 648192K, 73% used [0x0000000080000000,0x000000009d130238,0x00000000a7900000)
 Metaspace       used 237462K, capacity 249293K, committed 249624K, reserved 1267712K
  class space    used 29476K, capacity 31703K, committed 31792K, reserved 1048576K
}
Event: 4962.000 GC heap before
{Heap before GC invocations=146 (full 9):
 PSYoungGen      total 634368K, used 598985K [0x00000000d5580000, 0x00000000ffa00000, 0x0000000100000000)
  eden space 582144K, 100% used [0x00000000d5580000,0x00000000f8e00000,0x00000000f8e00000)
  from space 52224K, 32% used [0x00000000fc700000,0x00000000fd772460,0x00000000ffa00000)
  to   space 55296K, 0% used [0x00000000f8e00000,0x00000000f8e00000,0x00000000fc400000)
 ParOldGen       total 648192K, used 476352K [0x0000000080000000, 0x00000000a7900000, 0x00000000d5580000)
  object space 648192K, 73% used [0x0000000080000000,0x000000009d130238,0x00000000a7900000)
 Metaspace       used 237469K, capacity 249299K, committed 249624K, reserved 1267712K
  class space    used 29477K, capacity 31704K, committed 31792K, reserved 1048576K
Event: 4962.018 GC heap after
Heap after GC invocations=146 (full 9):
 PSYoungGen      total 637440K, used 9206K [0x00000000d5580000, 0x0000000100000000, 0x0000000100000000)
  eden space 582144K, 0% used [0x00000000d5580000,0x00000000d5580000,0x00000000f8e00000)
  from space 55296K, 16% used [0x00000000f8e00000,0x00000000f96fd820,0x00000000fc400000)
  to   space 54272K, 0% used [0x00000000fcb00000,0x00000000fcb00000,0x0000000100000000)
 ParOldGen       total 648192K, used 489241K [0x0000000080000000, 0x00000000a7900000, 0x00000000d5580000)
  object space 648192K, 75% used [0x0000000080000000,0x000000009ddc66b8,0x00000000a7900000)
 Metaspace       used 237469K, capacity 249299K, committed 249624K, reserved 1267712K
  class space    used 29477K, capacity 31704K, committed 31792K, reserved 1048576K
}
Event: 4962.328 GC heap before
{Heap before GC invocations=147 (full 9):
 PSYoungGen      total 637440K, used 591350K [0x00000000d5580000, 0x0000000100000000, 0x0000000100000000)
  eden space 582144K, 100% used [0x00000000d5580000,0x00000000f8e00000,0x00000000f8e00000)
  from space 55296K, 16% used [0x00000000f8e00000,0x00000000f96fd820,0x00000000fc400000)
  to   space 54272K, 0% used [0x00000000fcb00000,0x00000000fcb00000,0x0000000100000000)
 ParOldGen       total 648192K, used 489241K [0x0000000080000000, 0x00000000a7900000, 0x00000000d5580000)
  object space 648192K, 75% used [0x0000000080000000,0x000000009ddc66b8,0x00000000a7900000)
 Metaspace       used 237473K, capacity 249299K, committed 249624K, reserved 1267712K
  class space    used 29477K, capacity 31704K, committed 31792K, reserved 1048576K
Event: 4962.343 GC heap after
Heap after GC invocations=147 (full 9):
 PSYoungGen      total 640512K, used 8229K [0x00000000d5580000, 0x00000000ffd00000, 0x0000000100000000)
  eden space 589312K, 0% used [0x00000000d5580000,0x00000000d5580000,0x00000000f9500000)
  from space 51200K, 16% used [0x00000000fcb00000,0x00000000fd3095e8,0x00000000ffd00000)
  to   space 53248K, 0% used [0x00000000f9500000,0x00000000f9500000,0x00000000fc900000)
 ParOldGen       total 648192K, used 495795K [0x0000000080000000, 0x00000000a7900000, 0x00000000d5580000)
  object space 648192K, 76% used [0x0000000080000000,0x000000009e42ce60,0x00000000a7900000)
 Metaspace       used 237473K, capacity 249299K, committed 249624K, reserved 1267712K
  class space    used 29477K, capacity 31704K, committed 31792K, reserved 1048576K
}
Event: 4962.866 GC heap before
{Heap before GC invocations=148 (full 9):
 PSYoungGen      total 640512K, used 597541K [0x00000000d5580000, 0x00000000ffd00000, 0x0000000100000000)
  eden space 589312K, 100% used [0x00000000d5580000,0x00000000f9500000,0x00000000f9500000)
  from space 51200K, 16% used [0x00000000fcb00000,0x00000000fd3095e8,0x00000000ffd00000)
  to   space 53248K, 0% used [0x00000000f9500000,0x00000000f9500000,0x00000000fc900000)
 ParOldGen       total 648192K, used 495795K [0x0000000080000000, 0x00000000a7900000, 0x00000000d5580000)
  object space 648192K, 76% used [0x0000000080000000,0x000000009e42ce60,0x00000000a7900000)
 Metaspace       used 237481K, capacity 249299K, committed 249624K, reserved 1267712K
  class space    used 29477K, capacity 31704K, committed 31792K, reserved 1048576K
Event: 4962.880 GC heap after
Heap after GC invocations=148 (full 9):
 PSYoungGen      total 642560K, used 5235K [0x00000000d5580000, 0x0000000100000000, 0x0000000100000000)
  eden space 589312K, 0% used [0x00000000d5580000,0x00000000d5580000,0x00000000f9500000)
  from space 53248K, 9% used [0x00000000f9500000,0x00000000f9a1cde0,0x00000000fc900000)
  to   space 52224K, 0% used [0x00000000fcd00000,0x00000000fcd00000,0x0000000100000000)
 ParOldGen       total 648192K, used 502322K [0x0000000080000000, 0x00000000a7900000, 0x00000000d5580000)
  object space 648192K, 77% used [0x0000000080000000,0x000000009ea8cbb0,0x00000000a7900000)
 Metaspace       used 237481K, capacity 249299K, committed 249624K, reserved 1267712K
  class space    used 29477K, capacity 31704K, committed 31792K, reserved 1048576K
}

Deoptimization events (10 events):
Event: 4961.734 Thread 0x000000001d78d000 Uncommon trap: reason=class_check action=maybe_recompile pc=0x000000000ad2a3a0 method=com.android.tools.r8.s.a.p.u.a(Lcom/android/tools/r8/s/a/p/u;Lcom/android/tools/r8/graph/f;)Lcom/android/tools/r8/s/a/p/u; @ 317
Event: 4962.097 Thread 0x00000000195bc800 Uncommon trap: reason=null_check action=make_not_entrant pc=0x000000000c2376d8 method=com.android.tools.r8.graph.Q0.a(Lcom/android/tools/r8/graph/j0;)Lcom/android/tools/r8/graph/f0; @ 51
Event: 4962.144 Thread 0x000000001d78d000 Uncommon trap: reason=unstable_if action=reinterpret pc=0x000000000a69d544 method=com.android.tools.r8.s.a.p.l.e()Z @ 4
Event: 4962.228 Thread 0x000000001d78d000 Uncommon trap: reason=unstable_if action=reinterpret pc=0x000000000c20c0c4 method=com.android.tools.r8.ir.optimize.a0.a(Ljava/util/Map;I)V @ 29
Event: 4963.573 Thread 0x00000000195c6000 Uncommon trap: reason=unstable_if action=reinterpret pc=0x0000000003d09124 method=com.android.tools.r8.graph.Q0.definitionFor(Lcom/android/tools/r8/graph/j0;)Lcom/android/tools/r8/graph/C; @ 124
Event: 4963.574 Thread 0x00000000195c6000 Uncommon trap: reason=unstable_if action=reinterpret pc=0x0000000004abaf54 method=com.android.tools.r8.graph.Q0.definitionFor(Lcom/android/tools/r8/graph/j0;)Lcom/android/tools/r8/graph/C; @ 124
Event: 4963.619 Thread 0x00000000195c6000 Uncommon trap: reason=null_check action=make_not_entrant pc=0x000000000c4a6ab4 method=com.android.tools.r8.q.a.b.h.b(Ljava/lang/Object;)V @ 71
Event: 4963.619 Thread 0x00000000195c6000 Uncommon trap: reason=unstable_if action=reinterpret pc=0x000000000c0d862c method=com.android.tools.r8.dex.B.a(Lcom/android/tools/r8/graph/i0;)Lcom/android/tools/r8/dex/B; @ 18
Event: 4963.620 Thread 0x00000000195c6000 Uncommon trap: reason=unstable_if action=reinterpret pc=0x0000000004d526b0 method=com.android.tools.r8.dex.B.a(Lcom/android/tools/r8/graph/i0;)Lcom/android/tools/r8/dex/B; @ 18
Event: 4963.620 Thread 0x00000000195c6000 Uncommon trap: reason=unstable_if action=reinterpret pc=0x000000000b5f8664 method=com.android.tools.r8.dex.B.a(Lcom/android/tools/r8/graph/i0;)Lcom/android/tools/r8/dex/B; @ 18

Classes redefined (0 events):
No events

Internal exceptions (10 events):
Event: 4962.323 Thread 0x000000001d78d000 Exception <a 'sun/nio/fs/WindowsException'> (0x00000000f6b76310) thrown at [C:\src\AOSP-openjdk-git\hotspot\src\share\vm\prims\jni.cpp, line 710]
Event: 4962.773 Thread 0x000000001d78c800 Exception <a 'sun/nio/fs/WindowsException'> (0x00000000f3d58228) thrown at [C:\src\AOSP-openjdk-git\hotspot\src\share\vm\prims\jni.cpp, line 710]
Event: 4963.089 Thread 0x000000001d78b800 Exception <a 'sun/nio/fs/WindowsException'> (0x00000000dbc86320) thrown at [C:\src\AOSP-openjdk-git\hotspot\src\share\vm\prims\jni.cpp, line 710]
Event: 4963.155 Thread 0x00000000195c6000 Exception <a 'sun/nio/fs/WindowsException'> (0x00000000dd7e05d8) thrown at [C:\src\AOSP-openjdk-git\hotspot\src\share\vm\prims\jni.cpp, line 710]
Event: 4963.609 Thread 0x000000001d785800 Exception <a 'sun/nio/fs/WindowsException'> (0x00000000ea18cda8) thrown at [C:\src\AOSP-openjdk-git\hotspot\src\share\vm\prims\jni.cpp, line 710]
Event: 4963.609 Thread 0x000000001d785800 Exception <a 'sun/nio/fs/WindowsException'> (0x00000000ea18e988) thrown at [C:\src\AOSP-openjdk-git\hotspot\src\share\vm\prims\jni.cpp, line 710]
Event: 4963.609 Thread 0x000000001d785800 Exception <a 'sun/nio/fs/WindowsException'> (0x00000000ea18fb38) thrown at [C:\src\AOSP-openjdk-git\hotspot\src\share\vm\prims\jni.cpp, line 710]
Event: 4963.609 Thread 0x000000001d785800 Exception <a 'sun/nio/fs/WindowsException'> (0x00000000ea191710) thrown at [C:\src\AOSP-openjdk-git\hotspot\src\share\vm\prims\jni.cpp, line 710]
Event: 4963.609 Thread 0x000000001d785800 Exception <a 'sun/nio/fs/WindowsException'> (0x00000000ea192750) thrown at [C:\src\AOSP-openjdk-git\hotspot\src\share\vm\prims\jni.cpp, line 710]
Event: 4963.609 Thread 0x000000001d785800 Exception <a 'sun/nio/fs/WindowsException'> (0x00000000ea1942f8) thrown at [C:\src\AOSP-openjdk-git\hotspot\src\share\vm\prims\jni.cpp, line 710]

Events (10 events):
Event: 4963.620 Thread 0x00000000195c6000 DEOPT UNPACKING pc=0x000000000257557b sp=0x000000005784def0 mode 2
Event: 4963.620 Thread 0x00000000195c6000 Uncommon trap: trap_request=0xffffff65 fr.pc=0x000000000b5f8664
Event: 4963.620 Thread 0x00000000195c6000 DEOPT PACKING pc=0x000000000b5f8664 sp=0x000000005784df50
Event: 4963.620 Thread 0x00000000195c6000 DEOPT UNPACKING pc=0x000000000257557b sp=0x000000005784dee8 mode 2
Event: 4963.640 Executing VM operation: RevokeBias
Event: 4963.640 Executing VM operation: RevokeBias done
Event: 4963.640 Executing VM operation: RevokeBias
Event: 4963.641 Executing VM operation: RevokeBias done
Event: 4963.992 Thread 0x00000000195c7800 DEOPT PACKING pc=0x0000000009f10622 sp=0x000000005764de50
Event: 4963.992 Thread 0x00000000195c7800 DEOPT UNPACKING pc=0x00000000025775d0 sp=0x000000005764dbf0 mode 0


Dynamic libraries:
0x00007ff7ffe20000 - 0x00007ff7ffe51000 	C:\Program Files\Android\Android Studio\jre\bin\java.exe
0x00007ff9fefe0000 - 0x00007ff9ff1cd000 	C:\Windows\SYSTEM32\ntdll.dll
0x00007ff9fef10000 - 0x00007ff9fefc3000 	C:\Windows\System32\KERNEL32.DLL
0x00007ff9fb560000 - 0x00007ff9fb7f4000 	C:\Windows\System32\KERNELBASE.dll
0x00007ff9fed90000 - 0x00007ff9fee33000 	C:\Windows\System32\ADVAPI32.dll
0x00007ff9fe1d0000 - 0x00007ff9fe26e000 	C:\Windows\System32\msvcrt.dll
0x00007ff9fddf0000 - 0x00007ff9fde8e000 	C:\Windows\System32\sechost.dll
0x00007ff9fdc90000 - 0x00007ff9fddb2000 	C:\Windows\System32\RPCRT4.dll
0x00007ff9fe560000 - 0x00007ff9fe6f7000 	C:\Windows\System32\USER32.dll
0x00007ff9fb410000 - 0x00007ff9fb430000 	C:\Windows\System32\win32u.dll
0x00007ff9fddc0000 - 0x00007ff9fdde9000 	C:\Windows\System32\GDI32.dll
0x00007ff9fb860000 - 0x00007ff9fb9fb000 	C:\Windows\System32\gdi32full.dll
0x00007ff9fc190000 - 0x00007ff9fc230000 	C:\Windows\System32\msvcp_win.dll
0x00007ff9fb310000 - 0x00007ff9fb40a000 	C:\Windows\System32\ucrtbase.dll
0x00007ff9ea250000 - 0x00007ff9ea4c9000 	C:\Windows\WinSxS\amd64_microsoft.windows.common-controls_6595b64144ccf1df_6.0.17763.1397_none_de7645305346d5dc\COMCTL32.dll
0x00007ff9fe8a0000 - 0x00007ff9febcc000 	C:\Windows\System32\combase.dll
0x00007ff9fb430000 - 0x00007ff9fb4ae000 	C:\Windows\System32\bcryptPrimitives.dll
0x00007ff9fec30000 - 0x00007ff9fec5e000 	C:\Windows\System32\IMM32.DLL
0x0000000058d60000 - 0x0000000058e32000 	C:\Program Files\Android\Android Studio\jre\jre\bin\msvcr100.dll
0x0000000058f20000 - 0x000000005976b000 	C:\Program Files\Android\Android Studio\jre\jre\bin\server\jvm.dll
0x00007ff9fe3f0000 - 0x00007ff9fe3f8000 	C:\Windows\System32\PSAPI.DLL
0x00007ff9f7270000 - 0x00007ff9f727a000 	C:\Windows\SYSTEM32\VERSION.dll
0x00007ff9f9010000 - 0x00007ff9f9034000 	C:\Windows\SYSTEM32\WINMM.dll
0x00007ff9ed490000 - 0x00007ff9ed499000 	C:\Windows\SYSTEM32\WSOCK32.dll
0x00007ff9fe830000 - 0x00007ff9fe89d000 	C:\Windows\System32\WS2_32.dll
0x00007ff9f8f90000 - 0x00007ff9f8fbd000 	C:\Windows\SYSTEM32\winmmbase.dll
0x00007ff9fb2c0000 - 0x00007ff9fb30a000 	C:\Windows\System32\cfgmgr32.dll
0x00007ff9f9260000 - 0x00007ff9f926f000 	C:\Program Files\Android\Android Studio\jre\jre\bin\verify.dll
0x00007ff9f5220000 - 0x00007ff9f5249000 	C:\Program Files\Android\Android Studio\jre\jre\bin\java.dll
0x00007ff9f5330000 - 0x00007ff9f5346000 	C:\Program Files\Android\Android Studio\jre\jre\bin\zip.dll
0x00007ff9fc6b0000 - 0x00007ff9fdba8000 	C:\Windows\System32\SHELL32.dll
0x00007ff9fee60000 - 0x00007ff9fef09000 	C:\Windows\System32\shcore.dll
0x00007ff9fba30000 - 0x00007ff9fc183000 	C:\Windows\System32\windows.storage.dll
0x00007ff9fb050000 - 0x00007ff9fb074000 	C:\Windows\System32\profapi.dll
0x00007ff9faff0000 - 0x00007ff9fb04d000 	C:\Windows\System32\powrprof.dll
0x00007ff9fe0f0000 - 0x00007ff9fe142000 	C:\Windows\System32\shlwapi.dll
0x00007ff9fb080000 - 0x00007ff9fb091000 	C:\Windows\System32\kernel.appcore.dll
0x00007ff9fb2a0000 - 0x00007ff9fb2b7000 	C:\Windows\System32\cryptsp.dll
0x00007ff9f5200000 - 0x00007ff9f521a000 	C:\Program Files\Android\Android Studio\jre\jre\bin\net.dll
0x00007ff9fa7f0000 - 0x00007ff9fa857000 	C:\Windows\system32\mswsock.dll
0x00007ff9f51e0000 - 0x00007ff9f51f3000 	C:\Program Files\Android\Android Studio\jre\jre\bin\nio.dll
0x00007ff9ee510000 - 0x00007ff9ee537000 	C:\Users\pult_orlan\.gradle\native\f6784746aeab05261644944871eae4fe03e0ef1612fff0a4a95f87b438bc6780\windows-amd64\native-platform.dll
0x00007ff9f7990000 - 0x00007ff9f799d000 	C:\Program Files\Android\Android Studio\jre\jre\bin\management.dll
0x00007ff9fa370000 - 0x00007ff9fa3a3000 	C:\Windows\system32\rsaenh.dll
0x00007ff9fba00000 - 0x00007ff9fba26000 	C:\Windows\System32\bcrypt.dll
0x00007ff9faf20000 - 0x00007ff9faf48000 	C:\Windows\SYSTEM32\USERENV.dll
0x00007ff9fa9c0000 - 0x00007ff9fa9cc000 	C:\Windows\SYSTEM32\CRYPTBASE.dll
0x00007ff9fa510000 - 0x00007ff9fa54d000 	C:\Windows\SYSTEM32\IPHLPAPI.DLL
0x00007ff9fefd0000 - 0x00007ff9fefd8000 	C:\Windows\System32\NSI.dll
0x00007ff9ede50000 - 0x00007ff9ede66000 	C:\Windows\SYSTEM32\dhcpcsvc6.DLL
0x00007ff9edfb0000 - 0x00007ff9edfcc000 	C:\Windows\SYSTEM32\dhcpcsvc.DLL
0x00007ff9fa560000 - 0x00007ff9fa627000 	C:\Windows\SYSTEM32\DNSAPI.dll
0x00007ff9edef0000 - 0x00007ff9edefb000 	C:\Windows\SYSTEM32\WINNSI.DLL
0x00007ff9d62f0000 - 0x00007ff9d648c000 	C:\Program Files\Android\Android Studio\jre\jre\bin\awt.dll
0x00007ff9fec60000 - 0x00007ff9fed24000 	C:\Windows\System32\OLEAUT32.dll
0x00007ff9f99d0000 - 0x00007ff9f99fe000 	C:\Windows\SYSTEM32\dwmapi.dll
0x00007ff9fb0c0000 - 0x00007ff9fb29c000 	C:\Windows\System32\CRYPT32.dll
0x00007ff9fb0a0000 - 0x00007ff9fb0b2000 	C:\Windows\System32\MSASN1.dll
0x00007ff9f7cc0000 - 0x00007ff9f827e000 	C:\Windows\SYSTEM32\d2d1.dll
0x00007ff9f9350000 - 0x00007ff9f93dc000 	C:\Windows\SYSTEM32\apphelp.dll
0x00007ff9f95b0000 - 0x00007ff9f964c000 	C:\Windows\system32\uxtheme.dll
0x00007ff9ee3b0000 - 0x00007ff9ee3ce000 	C:\Temp\native-platform3508814630773204068dir\native-platform.dll
0x00007ff9fa050000 - 0x00007ff9fa081000 	C:\Windows\SYSTEM32\ntmarta.dll
0x00007ff9ee4d0000 - 0x00007ff9ee4f4000 	C:\Program Files\Android\Android Studio\jre\jre\bin\sunec.dll
0x00007ff9f51d0000 - 0x00007ff9f51db000 	C:\Program Files\Android\Android Studio\jre\jre\bin\sunmscapi.dll
0x00007ff9ed1f0000 - 0x00007ff9ed1fa000 	C:\Windows\System32\rasadhlp.dll
0x00007ff9ede70000 - 0x00007ff9edee9000 	C:\Windows\System32\fwpuclnt.dll

VM Arguments:
jvm_args: -Xmx2048m -Dfile.encoding=UTF-8 -Duser.country=RU -Duser.language=ru -Duser.variant 
java_command: org.gradle.launcher.daemon.bootstrap.GradleDaemon 6.5
java_class_path (initial): C:\Users\pult_orlan\.gradle\wrapper\dists\gradle-6.5-bin\6nifqtx7604sqp1q6g8wikw7p\gradle-6.5\lib\gradle-launcher-6.5.jar
Launcher Type: SUN_STANDARD

Environment Variables:
PATH=C:\Windows\system32;C:\Windows;C:\Windows\System32\Wbem;C:\Windows\System32\WindowsPowerShell\v1.0\;C:\Program Files (x86)\NVIDIA Corporation\PhysX\Common;C:\Program Files\Git\cmd;C:\Program Files (x86)\dotnet\;C:\Users\pult_orlan\AppData\Local\Microsoft\WindowsApps;
USERNAME=pult_orlan
OS=Windows_NT
PROCESSOR_IDENTIFIER=Intel64 Family 6 Model 158 Stepping 9, GenuineIntel



---------------  S Y S T E M  ---------------

OS: Windows 10.0 , 64 bit Build 17763 (10.0.17763.1339)

CPU:total 4 (initial active 4) (4 cores per cpu, 1 threads per core) family 6 model 158 stepping 9, cmov, cx8, fxsr, mmx, sse, sse2, sse3, ssse3, sse4.1, sse4.2, popcnt, avx, avx2, aes, clmul, erms, rtm, 3dnowpref, lzcnt, tsc, tscinvbit, bmi1, bmi2, adx

Memory: 4k page, physical 16639556k(842400k free), swap 18736708k(2180k free)

vm_info: OpenJDK 64-Bit Server VM (25.242-b01) for windows-amd64 JRE (1.8.0_242-release-1644-b01), built by "builder" with MS VC++ 10.0 (VS2010)

time: Wed Aug 25 12:23:06 2021
timezone: Финляндия (лето)
elapsed time: 4964 seconds (0d 1h 22m 44s)

